<?xml version="1.0" encoding="UTF-8"?>
<!-- Generated by org.testng.reporters.JUnitReportReporter -->
<testsuite skipped="0" hostname="FB-133" name="fawry.sofAccount.testsActions.ManageAccountStatusTest" tests="3" failures="0" timestamp="19 Feb 2019 11:00:24 GMT" time="135.688" errors="0">
  <testcase name="manageAccountStatus" time="2.878" classname="fawry.sofAccount.testsActions.ManageAccountStatusTest"/>
  <testcase name="manageAccountStatus" time="37.296" classname="fawry.sofAccount.testsActions.ManageAccountStatusTest"/>
  <testcase name="manageAccountStatus" time="95.514" classname="fawry.sofAccount.testsActions.ManageAccountStatusTest"/>
</testsuite> <!-- fawry.sofAccount.testsActions.ManageAccountStatusTest -->
