<?xml version="1.0" encoding="UTF-8"?>
<!-- Generated by org.testng.reporters.JUnitReportReporter -->
<testsuite skipped="0" hostname="FB-133" name="fawry.sofAutomation.testsActions.accounts.AddAccountTerminalTest" tests="6" failures="0" timestamp="23 Apr 2019 12:37:05 GMT" time="198.463" errors="0">
  <testcase name="AddAccountTerminal" time="2.501" classname="fawry.sofAutomation.testsActions.accounts.AddAccountTerminalTest"/>
  <testcase name="AddAccountTerminal" time="63.425" classname="fawry.sofAutomation.testsActions.accounts.AddAccountTerminalTest"/>
  <testcase name="AddAccountTerminal" time="2.457" classname="fawry.sofAutomation.testsActions.accounts.AddAccountTerminalTest"/>
  <testcase name="AddAccountTerminal" time="64.333" classname="fawry.sofAutomation.testsActions.accounts.AddAccountTerminalTest"/>
  <testcase name="AddAccountTerminal" time="2.540" classname="fawry.sofAutomation.testsActions.accounts.AddAccountTerminalTest"/>
  <testcase name="AddAccountTerminal" time="63.207" classname="fawry.sofAutomation.testsActions.accounts.AddAccountTerminalTest"/>
</testsuite> <!-- fawry.sofAutomation.testsActions.accounts.AddAccountTerminalTest -->
