<?xml version="1.0" encoding="UTF-8"?>
<!-- Generated by org.testng.reporters.JUnitReportReporter -->
<testsuite skipped="0" hostname="FB-133" name="fawry.sofAutomation.testsActions.BasicDefinitions.SearchVelocityCriteriaTest" tests="1" failures="0" timestamp="01 Jul 2019 10:07:00 GMT" time="2.597" errors="0">
  <testcase name="searchVelocityCriteria" time="2.597" classname="fawry.sofAutomation.testsActions.BasicDefinitions.SearchVelocityCriteriaTest"/>
</testsuite> <!-- fawry.sofAutomation.testsActions.BasicDefinitions.SearchVelocityCriteriaTest -->
