<?xml version="1.0" encoding="UTF-8"?>
<!-- Generated by org.testng.reporters.JUnitReportReporter -->
<testsuite skipped="0" hostname="FIS-243" name="fawry.sofAdmin.testsActions.AddRoleTest" tests="4" failures="0" timestamp="21 Feb 2019 13:59:18 GMT" time="217.207" errors="0">
  <testcase name="AddRole" time="79.754" classname="fawry.sofAdmin.testsActions.AddRoleTest"/>
  <testcase name="AddRole" time="82.953" classname="fawry.sofAdmin.testsActions.AddRoleTest"/>
  <testcase name="AddRole" time="6.988" classname="fawry.sofAdmin.testsActions.AddRoleTest"/>
  <testcase name="AddRole" time="47.512" classname="fawry.sofAdmin.testsActions.AddRoleTest"/>
</testsuite> <!-- fawry.sofAdmin.testsActions.AddRoleTest -->
