<?xml version="1.0" encoding="UTF-8"?>
<!-- Generated by org.testng.reporters.JUnitReportReporter -->
<testsuite skipped="0" hostname="FB-133" name="fawry.sofAutomation.testsActions.admin.EditUserTest" tests="6" failures="0" timestamp="18 Jun 2019 15:04:55 GMT" time="32.409" errors="0">
  <testcase name="EditUser" time="4.495" classname="fawry.sofAutomation.testsActions.admin.EditUserTest"/>
  <testcase name="EditUser" time="7.808" classname="fawry.sofAutomation.testsActions.admin.EditUserTest"/>
  <testcase name="EditUser" time="6.759" classname="fawry.sofAutomation.testsActions.admin.EditUserTest"/>
  <testcase name="EditUser" time="4.725" classname="fawry.sofAutomation.testsActions.admin.EditUserTest"/>
  <testcase name="EditUser" time="4.248" classname="fawry.sofAutomation.testsActions.admin.EditUserTest"/>
  <testcase name="EditUser" time="4.374" classname="fawry.sofAutomation.testsActions.admin.EditUserTest"/>
</testsuite> <!-- fawry.sofAutomation.testsActions.admin.EditUserTest -->
