<?xml version="1.0" encoding="UTF-8"?>
<!-- Generated by org.testng.reporters.JUnitReportReporter -->
<testsuite skipped="0" hostname="FB-133" name="fawry.sofAutomation.testsActions.admin.AddUserTest" tests="5" failures="0" timestamp="18 Jun 2019 14:49:25 GMT" time="129.021" errors="0">
  <testcase name="AddUser" time="13.894" classname="fawry.sofAutomation.testsActions.admin.AddUserTest"/>
  <testcase name="AddUser" time="54.474" classname="fawry.sofAutomation.testsActions.admin.AddUserTest"/>
  <testcase name="AddUser" time="7.638" classname="fawry.sofAutomation.testsActions.admin.AddUserTest"/>
  <testcase name="AddUser" time="0.211" classname="fawry.sofAutomation.testsActions.admin.AddUserTest"/>
  <testcase name="AddUser" time="52.804" classname="fawry.sofAutomation.testsActions.admin.AddUserTest"/>
</testsuite> <!-- fawry.sofAutomation.testsActions.admin.AddUserTest -->
