<?xml version="1.0" encoding="UTF-8"?>
<!-- Generated by org.testng.reporters.JUnitReportReporter -->
<testsuite skipped="0" hostname="FB-133" name="fawry.sofAccount.testsActions.LoginTests" tests="2" failures="0" timestamp="18 Feb 2019 12:47:08 GMT" time="3.801" errors="0">
  <testcase name="login" time="0.507" classname="fawry.sofAccount.testsActions.LoginTests"/>
  <testcase name="login" time="3.294" classname="fawry.sofAccount.testsActions.LoginTests"/>
</testsuite> <!-- fawry.sofAccount.testsActions.LoginTests -->
