<?xml version="1.0" encoding="UTF-8"?>
<!-- Generated by org.testng.reporters.JUnitReportReporter -->
<testsuite skipped="0" hostname="FB-133" name="fawry.sofAutomation.testsActions.accounts.EditAccountTerminalTest" tests="8" failures="0" timestamp="23 Apr 2019 12:37:05 GMT" time="170.820" errors="0">
  <testcase name="EditAccountTerminal" time="3.565" classname="fawry.sofAutomation.testsActions.accounts.EditAccountTerminalTest"/>
  <testcase name="EditAccountTerminal" time="62.231" classname="fawry.sofAutomation.testsActions.accounts.EditAccountTerminalTest"/>
  <testcase name="EditAccountTerminal" time="2.789" classname="fawry.sofAutomation.testsActions.accounts.EditAccountTerminalTest"/>
  <testcase name="EditAccountTerminal" time="2.709" classname="fawry.sofAutomation.testsActions.accounts.EditAccountTerminalTest"/>
  <testcase name="EditAccountTerminal" time="32.135" classname="fawry.sofAutomation.testsActions.accounts.EditAccountTerminalTest"/>
  <testcase name="EditAccountTerminal" time="2.590" classname="fawry.sofAutomation.testsActions.accounts.EditAccountTerminalTest"/>
  <testcase name="EditAccountTerminal" time="62.243" classname="fawry.sofAutomation.testsActions.accounts.EditAccountTerminalTest"/>
  <testcase name="EditAccountTerminal" time="2.558" classname="fawry.sofAutomation.testsActions.accounts.EditAccountTerminalTest"/>
</testsuite> <!-- fawry.sofAutomation.testsActions.accounts.EditAccountTerminalTest -->
