<?xml version="1.0" encoding="UTF-8"?>
<!-- Generated by org.testng.reporters.JUnitReportReporter -->
<testsuite skipped="4" hostname="FB-133" name="fawry.sofAutomation.testsActions.admin.AddRoleTest" tests="4" failures="0" timestamp="18 Jun 2019 14:49:25 GMT" time="0.000" errors="0">
  <testcase name="AddRole" time="0.000" classname="fawry.sofAutomation.testsActions.admin.AddRoleTest">
    <skipped/>
  </testcase> <!-- AddRole -->
  <testcase name="AddRole" time="0.000" classname="fawry.sofAutomation.testsActions.admin.AddRoleTest">
    <skipped/>
  </testcase> <!-- AddRole -->
  <testcase name="AddRole" time="0.000" classname="fawry.sofAutomation.testsActions.admin.AddRoleTest">
    <skipped/>
  </testcase> <!-- AddRole -->
  <testcase name="AddRole" time="0.000" classname="fawry.sofAutomation.testsActions.admin.AddRoleTest">
    <skipped/>
  </testcase> <!-- AddRole -->
</testsuite> <!-- fawry.sofAutomation.testsActions.admin.AddRoleTest -->
