<?xml version="1.0" encoding="UTF-8"?>
<!-- Generated by org.testng.reporters.JUnitReportReporter -->
<testsuite skipped="3" hostname="FB-133" name="fawry.sofAdmin.testsActions.UpdateAccountTest" tests="3" failures="0" timestamp="09 Jan 2019 09:19:21 GMT" time="0.000" errors="0">
  <testcase name="UpdateAccount" time="0.000" classname="fawry.sofAdmin.testsActions.UpdateAccountTest">
    <skipped/>
  </testcase> <!-- UpdateAccount -->
  <testcase name="UpdateAccount" time="0.000" classname="fawry.sofAdmin.testsActions.UpdateAccountTest">
    <skipped/>
  </testcase> <!-- UpdateAccount -->
  <testcase name="UpdateAccount" time="0.000" classname="fawry.sofAdmin.testsActions.UpdateAccountTest">
    <skipped/>
  </testcase> <!-- UpdateAccount -->
</testsuite> <!-- fawry.sofAdmin.testsActions.UpdateAccountTest -->
