<?xml version="1.0" encoding="UTF-8"?>
<!-- Generated by org.testng.reporters.JUnitReportReporter -->
<testsuite skipped="0" hostname="FB-133" name="fawry.sofAccount.testsActions.AddAccountTerminalTest" tests="3" failures="0" timestamp="19 Feb 2019 11:33:18 GMT" time="72.996" errors="0">
  <testcase name="AddAccountTerminal" time="3.872" classname="fawry.sofAccount.testsActions.AddAccountTerminalTest"/>
  <testcase name="AddAccountTerminal" time="4.574" classname="fawry.sofAccount.testsActions.AddAccountTerminalTest"/>
  <testcase name="AddAccountTerminal" time="64.550" classname="fawry.sofAccount.testsActions.AddAccountTerminalTest"/>
</testsuite> <!-- fawry.sofAccount.testsActions.AddAccountTerminalTest -->
