<?xml version="1.0" encoding="UTF-8"?>
<!-- Generated by org.testng.reporters.JUnitReportReporter -->
<testsuite skipped="0" hostname="FIS-243" name="fawry.sofAdmin.testsActions.SearchRoleTest" tests="4" failures="0" timestamp="21 Feb 2019 11:37:46 GMT" time="65.685" errors="0">
  <testcase name="searchRole" time="10.440" classname="fawry.sofAdmin.testsActions.SearchRoleTest"/>
  <testcase name="searchRole" time="22.773" classname="fawry.sofAdmin.testsActions.SearchRoleTest"/>
  <testcase name="searchRole" time="30.118" classname="fawry.sofAdmin.testsActions.SearchRoleTest"/>
  <testcase name="searchRole" time="2.354" classname="fawry.sofAdmin.testsActions.SearchRoleTest"/>
</testsuite> <!-- fawry.sofAdmin.testsActions.SearchRoleTest -->
