<?xml version="1.0" encoding="UTF-8"?>
<!-- Generated by org.testng.reporters.JUnitReportReporter -->
<testsuite skipped="0" hostname="FB-133" name="fawry.sofAutomation.testsActions.BasicDefinitions.ConfigureCspSettingsTest" tests="2" failures="0" timestamp="01 Jul 2019 10:07:00 GMT" time="106.744" errors="0">
  <testcase name="configureCSPSettings" time="30.224" classname="fawry.sofAutomation.testsActions.BasicDefinitions.ConfigureCspSettingsTest"/>
  <testcase name="configureCSPSettings" time="76.520" classname="fawry.sofAutomation.testsActions.BasicDefinitions.ConfigureCspSettingsTest"/>
</testsuite> <!-- fawry.sofAutomation.testsActions.BasicDefinitions.ConfigureCspSettingsTest -->
