<?xml version="1.0" encoding="UTF-8"?>
<!-- Generated by org.testng.reporters.JUnitReportReporter -->
<testsuite skipped="0" hostname="FB-133" name="fawry.sofAccount.testsActions.SearchAccountTest" tests="6" failures="0" timestamp="24 Feb 2019 11:46:21 GMT" time="162.644" errors="0">
  <testcase name="SearchAccount" time="91.561" classname="fawry.sofAccount.testsActions.SearchAccountTest"/>
  <testcase name="SearchAccount" time="31.177" classname="fawry.sofAccount.testsActions.SearchAccountTest"/>
  <testcase name="SearchAccount" time="11.501" classname="fawry.sofAccount.testsActions.SearchAccountTest"/>
  <testcase name="SearchAccount" time="6.301" classname="fawry.sofAccount.testsActions.SearchAccountTest"/>
  <testcase name="SearchAccount" time="18.129" classname="fawry.sofAccount.testsActions.SearchAccountTest"/>
  <testcase name="SearchAccount" time="3.975" classname="fawry.sofAccount.testsActions.SearchAccountTest"/>
</testsuite> <!-- fawry.sofAccount.testsActions.SearchAccountTest -->
