<?xml version="1.0" encoding="UTF-8"?>
<!-- Generated by org.testng.reporters.JUnitReportReporter -->
<testsuite skipped="0" hostname="FB-133" name="fawry.sofAutomation.testsActions.financialActivities.AddAccountTrxTest" tests="9" failures="0" timestamp="24 Jun 2019 09:45:02 GMT" time="0.048" errors="0">
  <testcase name="addAccountTrx" time="0.005" classname="fawry.sofAutomation.testsActions.financialActivities.AddAccountTrxTest"/>
  <testcase name="addAccountTrx" time="0.003" classname="fawry.sofAutomation.testsActions.financialActivities.AddAccountTrxTest"/>
  <testcase name="addAccountTrx" time="0.006" classname="fawry.sofAutomation.testsActions.financialActivities.AddAccountTrxTest"/>
  <testcase name="addAccountTrx" time="0.005" classname="fawry.sofAutomation.testsActions.financialActivities.AddAccountTrxTest"/>
  <testcase name="addAccountTrx" time="0.009" classname="fawry.sofAutomation.testsActions.financialActivities.AddAccountTrxTest"/>
  <testcase name="addAccountTrx" time="0.008" classname="fawry.sofAutomation.testsActions.financialActivities.AddAccountTrxTest"/>
  <testcase name="addAccountTrx" time="0.004" classname="fawry.sofAutomation.testsActions.financialActivities.AddAccountTrxTest"/>
  <testcase name="addAccountTrx" time="0.005" classname="fawry.sofAutomation.testsActions.financialActivities.AddAccountTrxTest"/>
  <testcase name="addAccountTrx" time="0.003" classname="fawry.sofAutomation.testsActions.financialActivities.AddAccountTrxTest"/>
</testsuite> <!-- fawry.sofAutomation.testsActions.financialActivities.AddAccountTrxTest -->
