<?xml version="1.0" encoding="UTF-8"?>
<!-- Generated by org.testng.reporters.JUnitReportReporter -->
<testsuite skipped="0" hostname="FB-133" name="fawry.sofAutomation.testsActions.accounts.ManageAccountStatusTest" tests="3" failures="0" timestamp="23 Apr 2019 12:37:05 GMT" time="154.358" errors="0">
  <testcase name="manageAccountStatus" time="92.135" classname="fawry.sofAutomation.testsActions.accounts.ManageAccountStatusTest"/>
  <testcase name="manageAccountStatus" time="1.080" classname="fawry.sofAutomation.testsActions.accounts.ManageAccountStatusTest"/>
  <testcase name="manageAccountStatus" time="61.143" classname="fawry.sofAutomation.testsActions.accounts.ManageAccountStatusTest"/>
</testsuite> <!-- fawry.sofAutomation.testsActions.accounts.ManageAccountStatusTest -->
