<?xml version="1.0" encoding="UTF-8"?>
<!-- Generated by org.testng.reporters.JUnitReportReporter -->
<testsuite skipped="4" hostname="FB-133" name="fawry.sofAutomation.testsActions.financialActivities.MultipleTransferTest" tests="4" failures="0" timestamp="19 Jun 2019 09:20:09 GMT" time="0.000" errors="0">
  <testcase name="multipleTransfer" time="0.000" classname="fawry.sofAutomation.testsActions.financialActivities.MultipleTransferTest">
    <skipped/>
  </testcase> <!-- multipleTransfer -->
  <testcase name="multipleTransfer" time="0.000" classname="fawry.sofAutomation.testsActions.financialActivities.MultipleTransferTest">
    <skipped/>
  </testcase> <!-- multipleTransfer -->
  <testcase name="multipleTransfer" time="0.000" classname="fawry.sofAutomation.testsActions.financialActivities.MultipleTransferTest">
    <skipped/>
  </testcase> <!-- multipleTransfer -->
  <testcase name="multipleTransfer" time="0.000" classname="fawry.sofAutomation.testsActions.financialActivities.MultipleTransferTest">
    <skipped/>
  </testcase> <!-- multipleTransfer -->
</testsuite> <!-- fawry.sofAutomation.testsActions.financialActivities.MultipleTransferTest -->
