<?xml version="1.0" encoding="UTF-8"?>
<!-- Generated by org.testng.reporters.JUnitReportReporter -->
<testsuite skipped="17" hostname="FB-133" name="fawry.sofAutomation.testsActions.admin.SearchUserTest" tests="17" failures="0" timestamp="18 Jun 2019 14:49:25 GMT" time="0.000" errors="0">
  <testcase name="searchUser" time="0.000" classname="fawry.sofAutomation.testsActions.admin.SearchUserTest">
    <skipped/>
  </testcase> <!-- searchUser -->
  <testcase name="searchUser" time="0.000" classname="fawry.sofAutomation.testsActions.admin.SearchUserTest">
    <skipped/>
  </testcase> <!-- searchUser -->
  <testcase name="searchUser" time="0.000" classname="fawry.sofAutomation.testsActions.admin.SearchUserTest">
    <skipped/>
  </testcase> <!-- searchUser -->
  <testcase name="searchUser" time="0.000" classname="fawry.sofAutomation.testsActions.admin.SearchUserTest">
    <skipped/>
  </testcase> <!-- searchUser -->
  <testcase name="searchUser" time="0.000" classname="fawry.sofAutomation.testsActions.admin.SearchUserTest">
    <skipped/>
  </testcase> <!-- searchUser -->
  <testcase name="searchUser" time="0.000" classname="fawry.sofAutomation.testsActions.admin.SearchUserTest">
    <skipped/>
  </testcase> <!-- searchUser -->
  <testcase name="searchUser" time="0.000" classname="fawry.sofAutomation.testsActions.admin.SearchUserTest">
    <skipped/>
  </testcase> <!-- searchUser -->
  <testcase name="searchUser" time="0.000" classname="fawry.sofAutomation.testsActions.admin.SearchUserTest">
    <skipped/>
  </testcase> <!-- searchUser -->
  <testcase name="searchUser" time="0.000" classname="fawry.sofAutomation.testsActions.admin.SearchUserTest">
    <skipped/>
  </testcase> <!-- searchUser -->
  <testcase name="searchUser" time="0.000" classname="fawry.sofAutomation.testsActions.admin.SearchUserTest">
    <skipped/>
  </testcase> <!-- searchUser -->
  <testcase name="searchUser" time="0.000" classname="fawry.sofAutomation.testsActions.admin.SearchUserTest">
    <skipped/>
  </testcase> <!-- searchUser -->
  <testcase name="searchUser" time="0.000" classname="fawry.sofAutomation.testsActions.admin.SearchUserTest">
    <skipped/>
  </testcase> <!-- searchUser -->
  <testcase name="searchUser" time="0.000" classname="fawry.sofAutomation.testsActions.admin.SearchUserTest">
    <skipped/>
  </testcase> <!-- searchUser -->
  <testcase name="searchUser" time="0.000" classname="fawry.sofAutomation.testsActions.admin.SearchUserTest">
    <skipped/>
  </testcase> <!-- searchUser -->
  <testcase name="searchUser" time="0.000" classname="fawry.sofAutomation.testsActions.admin.SearchUserTest">
    <skipped/>
  </testcase> <!-- searchUser -->
  <testcase name="searchUser" time="0.000" classname="fawry.sofAutomation.testsActions.admin.SearchUserTest">
    <skipped/>
  </testcase> <!-- searchUser -->
  <testcase name="searchUser" time="0.000" classname="fawry.sofAutomation.testsActions.admin.SearchUserTest">
    <skipped/>
  </testcase> <!-- searchUser -->
</testsuite> <!-- fawry.sofAutomation.testsActions.admin.SearchUserTest -->
