<?xml version="1.0" encoding="UTF-8"?>
<!-- Generated by org.testng.reporters.JUnitReportReporter -->
<testsuite skipped="0" hostname="FB-133" name="fawry.sofAutomation.testsActions.accounts.SearchCreditCardAccountTest" tests="12" failures="0" timestamp="23 Apr 2019 12:37:05 GMT" time="197.858" errors="0">
  <testcase name="SearchCreditAccount" time="31.141" classname="fawry.sofAutomation.testsActions.accounts.SearchCreditCardAccountTest"/>
  <testcase name="SearchCreditAccount" time="43.435" classname="fawry.sofAutomation.testsActions.accounts.SearchCreditCardAccountTest"/>
  <testcase name="SearchCreditAccount" time="1.408" classname="fawry.sofAutomation.testsActions.accounts.SearchCreditCardAccountTest"/>
  <testcase name="SearchCreditAccount" time="40.876" classname="fawry.sofAutomation.testsActions.accounts.SearchCreditCardAccountTest"/>
  <testcase name="SearchCreditAccount" time="2.056" classname="fawry.sofAutomation.testsActions.accounts.SearchCreditCardAccountTest"/>
  <testcase name="SearchCreditAccount" time="7.991" classname="fawry.sofAutomation.testsActions.accounts.SearchCreditCardAccountTest"/>
  <testcase name="SearchCreditAccount" time="16.442" classname="fawry.sofAutomation.testsActions.accounts.SearchCreditCardAccountTest"/>
  <testcase name="SearchCreditAccount" time="0.863" classname="fawry.sofAutomation.testsActions.accounts.SearchCreditCardAccountTest"/>
  <testcase name="SearchCreditAccount" time="1.002" classname="fawry.sofAutomation.testsActions.accounts.SearchCreditCardAccountTest"/>
  <testcase name="SearchCreditAccount" time="3.185" classname="fawry.sofAutomation.testsActions.accounts.SearchCreditCardAccountTest"/>
  <testcase name="SearchCreditAccount" time="30.887" classname="fawry.sofAutomation.testsActions.accounts.SearchCreditCardAccountTest"/>
  <testcase name="SearchCreditAccount" time="18.572" classname="fawry.sofAutomation.testsActions.accounts.SearchCreditCardAccountTest"/>
</testsuite> <!-- fawry.sofAutomation.testsActions.accounts.SearchCreditCardAccountTest -->
