<?xml version="1.0" encoding="UTF-8"?>
<!-- Generated by org.testng.reporters.JUnitReportReporter -->
<testsuite skipped="0" hostname="FB-133" name="fawry.sofAccount.testsActions.SearchCreditCardAccountTest" tests="12" failures="0" timestamp="18 Feb 2019 12:47:08 GMT" time="284.961" errors="0">
  <testcase name="SearchCreditAccount" time="86.405" classname="fawry.sofAccount.testsActions.SearchCreditCardAccountTest"/>
  <testcase name="SearchCreditAccount" time="67.370" classname="fawry.sofAccount.testsActions.SearchCreditCardAccountTest"/>
  <testcase name="SearchCreditAccount" time="2.144" classname="fawry.sofAccount.testsActions.SearchCreditCardAccountTest"/>
  <testcase name="SearchCreditAccount" time="2.669" classname="fawry.sofAccount.testsActions.SearchCreditCardAccountTest"/>
  <testcase name="SearchCreditAccount" time="10.656" classname="fawry.sofAccount.testsActions.SearchCreditCardAccountTest"/>
  <testcase name="SearchCreditAccount" time="30.999" classname="fawry.sofAccount.testsActions.SearchCreditCardAccountTest"/>
  <testcase name="SearchCreditAccount" time="2.260" classname="fawry.sofAccount.testsActions.SearchCreditCardAccountTest"/>
  <testcase name="SearchCreditAccount" time="24.892" classname="fawry.sofAccount.testsActions.SearchCreditCardAccountTest"/>
  <testcase name="SearchCreditAccount" time="2.714" classname="fawry.sofAccount.testsActions.SearchCreditCardAccountTest"/>
  <testcase name="SearchCreditAccount" time="0.821" classname="fawry.sofAccount.testsActions.SearchCreditCardAccountTest"/>
  <testcase name="SearchCreditAccount" time="22.944" classname="fawry.sofAccount.testsActions.SearchCreditCardAccountTest"/>
  <testcase name="SearchCreditAccount" time="31.087" classname="fawry.sofAccount.testsActions.SearchCreditCardAccountTest"/>
</testsuite> <!-- fawry.sofAccount.testsActions.SearchCreditCardAccountTest -->
