<?xml version="1.0" encoding="UTF-8"?>
<!-- Generated by org.testng.reporters.JUnitReportReporter -->
<testsuite skipped="7" hostname="FB-133" name="fawry.sofAutomation.testsActions.admin.AddGroupTest" tests="7" failures="0" timestamp="18 Jun 2019 14:49:25 GMT" time="0.000" errors="0">
  <testcase name="AddGroup" time="0.000" classname="fawry.sofAutomation.testsActions.admin.AddGroupTest">
    <skipped/>
  </testcase> <!-- AddGroup -->
  <testcase name="AddGroup" time="0.000" classname="fawry.sofAutomation.testsActions.admin.AddGroupTest">
    <skipped/>
  </testcase> <!-- AddGroup -->
  <testcase name="AddGroup" time="0.000" classname="fawry.sofAutomation.testsActions.admin.AddGroupTest">
    <skipped/>
  </testcase> <!-- AddGroup -->
  <testcase name="AddGroup" time="0.000" classname="fawry.sofAutomation.testsActions.admin.AddGroupTest">
    <skipped/>
  </testcase> <!-- AddGroup -->
  <testcase name="AddGroup" time="0.000" classname="fawry.sofAutomation.testsActions.admin.AddGroupTest">
    <skipped/>
  </testcase> <!-- AddGroup -->
  <testcase name="AddGroup" time="0.000" classname="fawry.sofAutomation.testsActions.admin.AddGroupTest">
    <skipped/>
  </testcase> <!-- AddGroup -->
  <testcase name="AddGroup" time="0.000" classname="fawry.sofAutomation.testsActions.admin.AddGroupTest">
    <skipped/>
  </testcase> <!-- AddGroup -->
</testsuite> <!-- fawry.sofAutomation.testsActions.admin.AddGroupTest -->
