<?xml version="1.0" encoding="UTF-8"?>
<!-- Generated by org.testng.reporters.JUnitReportReporter -->
<testsuite skipped="0" hostname="FIS-243" name="fawry.sofAdmin.testsActions.EditGroupTest" tests="7" failures="0" timestamp="21 Feb 2019 11:37:46 GMT" time="109.046" errors="0">
  <testcase name="Editgroup" time="6.243" classname="fawry.sofAdmin.testsActions.EditGroupTest"/>
  <testcase name="Editgroup" time="36.189" classname="fawry.sofAdmin.testsActions.EditGroupTest"/>
  <testcase name="Editgroup" time="36.126" classname="fawry.sofAdmin.testsActions.EditGroupTest"/>
  <testcase name="Editgroup" time="9.171" classname="fawry.sofAdmin.testsActions.EditGroupTest"/>
  <testcase name="Editgroup" time="8.745" classname="fawry.sofAdmin.testsActions.EditGroupTest"/>
  <testcase name="Editgroup" time="5.890" classname="fawry.sofAdmin.testsActions.EditGroupTest"/>
  <testcase name="Editgroup" time="6.682" classname="fawry.sofAdmin.testsActions.EditGroupTest"/>
</testsuite> <!-- fawry.sofAdmin.testsActions.EditGroupTest -->
