<?xml version="1.0" encoding="UTF-8"?>
<!-- Generated by org.testng.reporters.JUnitReportReporter -->
<testsuite skipped="0" hostname="FIS-243" name="fawry.sofAdmin.testsActions.ResetPasswordTest" tests="3" failures="0" timestamp="21 Feb 2019 11:37:46 GMT" time="127.973" errors="0">
  <testcase name="resetPassword" time="30.024" classname="fawry.sofAdmin.testsActions.ResetPasswordTest"/>
  <testcase name="resetPassword" time="67.902" classname="fawry.sofAdmin.testsActions.ResetPasswordTest"/>
  <testcase name="resetPassword" time="30.047" classname="fawry.sofAdmin.testsActions.ResetPasswordTest"/>
</testsuite> <!-- fawry.sofAdmin.testsActions.ResetPasswordTest -->
