<?xml version="1.0" encoding="UTF-8"?>
<!-- Generated by org.testng.reporters.JUnitReportReporter -->
<testsuite skipped="0" hostname="FB-133" name="fawry.sofAccount.testsActions.EditControlAccountTest" tests="3" failures="0" timestamp="19 Feb 2019 12:08:36 GMT" time="135.348" errors="0">
  <testcase name="EditControlAccount" time="4.052" classname="fawry.sofAccount.testsActions.EditControlAccountTest"/>
  <testcase name="EditControlAccount" time="68.138" classname="fawry.sofAccount.testsActions.EditControlAccountTest"/>
  <testcase name="EditControlAccount" time="63.158" classname="fawry.sofAccount.testsActions.EditControlAccountTest"/>
</testsuite> <!-- fawry.sofAccount.testsActions.EditControlAccountTest -->
