<?xml version="1.0" encoding="UTF-8"?>
<!-- Generated by org.testng.reporters.JUnitReportReporter -->
<testsuite skipped="0" hostname="FB-133" name="fawry.sofAutomation.testsActions.accounts.AddSubAccountTest" tests="6" failures="0" timestamp="25 Jun 2019 16:53:45 GMT" time="422.435" errors="0">
  <testcase name="AddSubAccount" time="87.157" classname="fawry.sofAutomation.testsActions.accounts.AddSubAccountTest"/>
  <testcase name="AddSubAccount" time="74.555" classname="fawry.sofAutomation.testsActions.accounts.AddSubAccountTest"/>
  <testcase name="AddSubAccount" time="136.802" classname="fawry.sofAutomation.testsActions.accounts.AddSubAccountTest"/>
  <testcase name="AddSubAccount" time="24.878" classname="fawry.sofAutomation.testsActions.accounts.AddSubAccountTest"/>
  <testcase name="AddSubAccount" time="44.652" classname="fawry.sofAutomation.testsActions.accounts.AddSubAccountTest"/>
  <testcase name="AddSubAccount" time="54.391" classname="fawry.sofAutomation.testsActions.accounts.AddSubAccountTest"/>
</testsuite> <!-- fawry.sofAutomation.testsActions.accounts.AddSubAccountTest -->
