<?xml version="1.0" encoding="UTF-8"?>
<!-- Generated by org.testng.reporters.JUnitReportReporter -->
<testsuite skipped="0" hostname="FB-133" name="fawry.sofAutomation.testsActions.accounts.EditControlAccountTest" tests="5" failures="0" timestamp="23 Apr 2019 12:37:05 GMT" time="131.696" errors="0">
  <testcase name="EditControlAccount" time="1.839" classname="fawry.sofAutomation.testsActions.accounts.EditControlAccountTest"/>
  <testcase name="EditControlAccount" time="2.039" classname="fawry.sofAutomation.testsActions.accounts.EditControlAccountTest"/>
  <testcase name="EditControlAccount" time="2.098" classname="fawry.sofAutomation.testsActions.accounts.EditControlAccountTest"/>
  <testcase name="EditControlAccount" time="62.291" classname="fawry.sofAutomation.testsActions.accounts.EditControlAccountTest"/>
  <testcase name="EditControlAccount" time="63.429" classname="fawry.sofAutomation.testsActions.accounts.EditControlAccountTest"/>
</testsuite> <!-- fawry.sofAutomation.testsActions.accounts.EditControlAccountTest -->
