<?xml version="1.0" encoding="UTF-8"?>
<!-- Generated by org.testng.reporters.JUnitReportReporter -->
<testsuite skipped="0" hostname="FB-133" name="fawry.sofAutomation.testsActions.accounts.AccountVerficationTest" tests="4" failures="0" timestamp="23 Apr 2019 12:37:05 GMT" time="42.589" errors="0">
  <testcase name="accountVerfication" time="1.809" classname="fawry.sofAutomation.testsActions.accounts.AccountVerficationTest"/>
  <testcase name="accountVerfication" time="31.453" classname="fawry.sofAutomation.testsActions.accounts.AccountVerficationTest"/>
  <testcase name="accountVerfication" time="1.656" classname="fawry.sofAutomation.testsActions.accounts.AccountVerficationTest"/>
  <testcase name="accountVerfication" time="7.671" classname="fawry.sofAutomation.testsActions.accounts.AccountVerficationTest"/>
</testsuite> <!-- fawry.sofAutomation.testsActions.accounts.AccountVerficationTest -->
