<?xml version="1.0" encoding="UTF-8"?>
<!-- Generated by org.testng.reporters.JUnitReportReporter -->
<testsuite skipped="0" hostname="FB-133" name="fawry.sofAccount.testsActions.ChangeTerminalPinTest" tests="2" failures="0" timestamp="18 Feb 2019 12:47:08 GMT" time="63.364" errors="0">
  <testcase name="ChangeTerminalPin" time="31.671" classname="fawry.sofAccount.testsActions.ChangeTerminalPinTest"/>
  <testcase name="ChangeTerminalPin" time="31.693" classname="fawry.sofAccount.testsActions.ChangeTerminalPinTest"/>
</testsuite> <!-- fawry.sofAccount.testsActions.ChangeTerminalPinTest -->
