<?xml version="1.0" encoding="UTF-8"?>
<!-- Generated by org.testng.reporters.JUnitReportReporter -->
<testsuite skipped="0" hostname="FB-133" name="fawry.sofAccount.testsActions.EditAccountTerminalTest" tests="8" failures="0" timestamp="19 Feb 2019 11:33:18 GMT" time="26.390" errors="0">
  <testcase name="EditAccountTerminal" time="3.214" classname="fawry.sofAccount.testsActions.EditAccountTerminalTest"/>
  <testcase name="EditAccountTerminal" time="2.421" classname="fawry.sofAccount.testsActions.EditAccountTerminalTest"/>
  <testcase name="EditAccountTerminal" time="3.541" classname="fawry.sofAccount.testsActions.EditAccountTerminalTest"/>
  <testcase name="EditAccountTerminal" time="3.289" classname="fawry.sofAccount.testsActions.EditAccountTerminalTest"/>
  <testcase name="EditAccountTerminal" time="2.852" classname="fawry.sofAccount.testsActions.EditAccountTerminalTest"/>
  <testcase name="EditAccountTerminal" time="4.232" classname="fawry.sofAccount.testsActions.EditAccountTerminalTest"/>
  <testcase name="EditAccountTerminal" time="3.396" classname="fawry.sofAccount.testsActions.EditAccountTerminalTest"/>
  <testcase name="EditAccountTerminal" time="3.445" classname="fawry.sofAccount.testsActions.EditAccountTerminalTest"/>
</testsuite> <!-- fawry.sofAccount.testsActions.EditAccountTerminalTest -->
