<?xml version="1.0" encoding="UTF-8"?>
<!-- Generated by org.testng.reporters.JUnitReportReporter -->
<testsuite skipped="0" hostname="FB-133" name="fawry.sofAccount.testsActions.MoveAccountTest" tests="8" failures="0" timestamp="18 Feb 2019 12:47:08 GMT" time="166.200" errors="0">
  <testcase name="moveAccount" time="0.781" classname="fawry.sofAccount.testsActions.MoveAccountTest"/>
  <testcase name="moveAccount" time="0.957" classname="fawry.sofAccount.testsActions.MoveAccountTest"/>
  <testcase name="moveAccount" time="60.920" classname="fawry.sofAccount.testsActions.MoveAccountTest"/>
  <testcase name="moveAccount" time="1.028" classname="fawry.sofAccount.testsActions.MoveAccountTest"/>
  <testcase name="moveAccount" time="37.846" classname="fawry.sofAccount.testsActions.MoveAccountTest"/>
  <testcase name="moveAccount" time="32.293" classname="fawry.sofAccount.testsActions.MoveAccountTest"/>
  <testcase name="moveAccount" time="31.329" classname="fawry.sofAccount.testsActions.MoveAccountTest"/>
  <testcase name="moveAccount" time="1.046" classname="fawry.sofAccount.testsActions.MoveAccountTest"/>
</testsuite> <!-- fawry.sofAccount.testsActions.MoveAccountTest -->
