<?xml version="1.0" encoding="UTF-8"?>
<!-- Generated by org.testng.reporters.JUnitReportReporter -->
<testsuite skipped="0" hostname="FB-133" name="fawry.sofAccount.testsActions.AddControlAccountTest" tests="3" failures="0" timestamp="18 Feb 2019 12:47:08 GMT" time="74.981" errors="0">
  <testcase name="AddControlAccount" time="36.138" classname="fawry.sofAccount.testsActions.AddControlAccountTest"/>
  <testcase name="AddControlAccount" time="35.020" classname="fawry.sofAccount.testsActions.AddControlAccountTest"/>
  <testcase name="AddControlAccount" time="3.823" classname="fawry.sofAccount.testsActions.AddControlAccountTest"/>
</testsuite> <!-- fawry.sofAccount.testsActions.AddControlAccountTest -->
