<?xml version="1.0" encoding="UTF-8"?>
<!-- Generated by org.testng.reporters.JUnitReportReporter -->
<testsuite skipped="0" hostname="FB-133" name="fawry.sofAccount.testsActions.EditSubAccountTest" tests="4" failures="0" timestamp="19 Feb 2019 10:47:34 GMT" time="118.232" errors="0">
  <testcase name="EditSubAccount" time="2.629" classname="fawry.sofAccount.testsActions.EditSubAccountTest"/>
  <testcase name="EditSubAccount" time="32.327" classname="fawry.sofAccount.testsActions.EditSubAccountTest"/>
  <testcase name="EditSubAccount" time="50.694" classname="fawry.sofAccount.testsActions.EditSubAccountTest"/>
  <testcase name="EditSubAccount" time="32.582" classname="fawry.sofAccount.testsActions.EditSubAccountTest"/>
</testsuite> <!-- fawry.sofAccount.testsActions.EditSubAccountTest -->
