<?xml version="1.0" encoding="UTF-8"?>
<!-- Generated by org.testng.reporters.JUnitReportReporter -->
<testsuite skipped="0" hostname="FB-133" name="fawry.sofAutomation.testsActions.accounts.MoveAccountTest" tests="8" failures="0" timestamp="23 Apr 2019 12:37:06 GMT" time="158.175" errors="0">
  <testcase name="moveAccount" time="0.716" classname="fawry.sofAutomation.testsActions.accounts.MoveAccountTest"/>
  <testcase name="moveAccount" time="31.780" classname="fawry.sofAutomation.testsActions.accounts.MoveAccountTest"/>
  <testcase name="moveAccount" time="31.713" classname="fawry.sofAutomation.testsActions.accounts.MoveAccountTest"/>
  <testcase name="moveAccount" time="31.194" classname="fawry.sofAutomation.testsActions.accounts.MoveAccountTest"/>
  <testcase name="moveAccount" time="0.765" classname="fawry.sofAutomation.testsActions.accounts.MoveAccountTest"/>
  <testcase name="moveAccount" time="0.693" classname="fawry.sofAutomation.testsActions.accounts.MoveAccountTest"/>
  <testcase name="moveAccount" time="0.645" classname="fawry.sofAutomation.testsActions.accounts.MoveAccountTest"/>
  <testcase name="moveAccount" time="60.669" classname="fawry.sofAutomation.testsActions.accounts.MoveAccountTest"/>
</testsuite> <!-- fawry.sofAutomation.testsActions.accounts.MoveAccountTest -->
