<?xml version="1.0" encoding="UTF-8"?>
<!-- Generated by org.testng.reporters.JUnitReportReporter -->
<testsuite skipped="0" hostname="FB-133" name="fawry.sofAccount.testsActions.SearchDormantAccountTest" tests="8" failures="0" timestamp="18 Feb 2019 12:47:08 GMT" time="178.511" errors="0">
  <testcase name="SearchDormantAccount" time="1.411" classname="fawry.sofAccount.testsActions.SearchDormantAccountTest"/>
  <testcase name="SearchDormantAccount" time="112.196" classname="fawry.sofAccount.testsActions.SearchDormantAccountTest"/>
  <testcase name="SearchDormantAccount" time="56.739" classname="fawry.sofAccount.testsActions.SearchDormantAccountTest"/>
  <testcase name="SearchDormantAccount" time="2.311" classname="fawry.sofAccount.testsActions.SearchDormantAccountTest"/>
  <testcase name="SearchDormantAccount" time="2.374" classname="fawry.sofAccount.testsActions.SearchDormantAccountTest"/>
  <testcase name="SearchDormantAccount" time="1.525" classname="fawry.sofAccount.testsActions.SearchDormantAccountTest"/>
  <testcase name="SearchDormantAccount" time="1.023" classname="fawry.sofAccount.testsActions.SearchDormantAccountTest"/>
  <testcase name="SearchDormantAccount" time="0.932" classname="fawry.sofAccount.testsActions.SearchDormantAccountTest"/>
</testsuite> <!-- fawry.sofAccount.testsActions.SearchDormantAccountTest -->
