<?xml version="1.0" encoding="UTF-8"?>
<!-- Generated by org.testng.reporters.JUnitReportReporter -->
<testsuite skipped="0" hostname="FIS-243" name="fawry.sofAdmin.testsActions.SearchGroupTest" tests="7" failures="0" timestamp="21 Feb 2019 11:37:46 GMT" time="179.024" errors="0">
  <testcase name="searchGroup" time="12.614" classname="fawry.sofAdmin.testsActions.SearchGroupTest"/>
  <testcase name="searchGroup" time="6.791" classname="fawry.sofAdmin.testsActions.SearchGroupTest"/>
  <testcase name="searchGroup" time="66.696" classname="fawry.sofAdmin.testsActions.SearchGroupTest"/>
  <testcase name="searchGroup" time="24.771" classname="fawry.sofAdmin.testsActions.SearchGroupTest"/>
  <testcase name="searchGroup" time="1.132" classname="fawry.sofAdmin.testsActions.SearchGroupTest"/>
  <testcase name="searchGroup" time="6.472" classname="fawry.sofAdmin.testsActions.SearchGroupTest"/>
  <testcase name="searchGroup" time="60.548" classname="fawry.sofAdmin.testsActions.SearchGroupTest"/>
</testsuite> <!-- fawry.sofAdmin.testsActions.SearchGroupTest -->
