<?xml version="1.0" encoding="UTF-8"?>
<!-- Generated by org.testng.reporters.JUnitReportReporter -->
<testsuite skipped="4" hostname="FB-133" name="fawry.sofAutomation.testsActions.admin.SearchRoleTest" tests="4" failures="0" timestamp="18 Jun 2019 14:49:25 GMT" time="0.000" errors="0">
  <testcase name="searchRole" time="0.000" classname="fawry.sofAutomation.testsActions.admin.SearchRoleTest">
    <skipped/>
  </testcase> <!-- searchRole -->
  <testcase name="searchRole" time="0.000" classname="fawry.sofAutomation.testsActions.admin.SearchRoleTest">
    <skipped/>
  </testcase> <!-- searchRole -->
  <testcase name="searchRole" time="0.000" classname="fawry.sofAutomation.testsActions.admin.SearchRoleTest">
    <skipped/>
  </testcase> <!-- searchRole -->
  <testcase name="searchRole" time="0.000" classname="fawry.sofAutomation.testsActions.admin.SearchRoleTest">
    <skipped/>
  </testcase> <!-- searchRole -->
</testsuite> <!-- fawry.sofAutomation.testsActions.admin.SearchRoleTest -->
