<?xml version="1.0" encoding="UTF-8"?>
<!-- Generated by org.testng.reporters.JUnitReportReporter -->
<testsuite skipped="0" hostname="FB-133" name="fawry.sofAccount.testsActions.SearchTerminalTest" tests="11" failures="0" timestamp="18 Feb 2019 12:47:08 GMT" time="426.621" errors="0">
  <testcase name="SearchTerminal" time="61.800" classname="fawry.sofAccount.testsActions.SearchTerminalTest"/>
  <testcase name="SearchTerminal" time="30.890" classname="fawry.sofAccount.testsActions.SearchTerminalTest"/>
  <testcase name="SearchTerminal" time="30.726" classname="fawry.sofAccount.testsActions.SearchTerminalTest"/>
  <testcase name="SearchTerminal" time="0.819" classname="fawry.sofAccount.testsActions.SearchTerminalTest"/>
  <testcase name="SearchTerminal" time="145.558" classname="fawry.sofAccount.testsActions.SearchTerminalTest"/>
  <testcase name="SearchTerminal" time="61.679" classname="fawry.sofAccount.testsActions.SearchTerminalTest"/>
  <testcase name="SearchTerminal" time="61.732" classname="fawry.sofAccount.testsActions.SearchTerminalTest"/>
  <testcase name="SearchTerminal" time="0.763" classname="fawry.sofAccount.testsActions.SearchTerminalTest"/>
  <testcase name="SearchTerminal" time="31.048" classname="fawry.sofAccount.testsActions.SearchTerminalTest"/>
  <testcase name="SearchTerminal" time="0.785" classname="fawry.sofAccount.testsActions.SearchTerminalTest"/>
  <testcase name="SearchTerminal" time="0.821" classname="fawry.sofAccount.testsActions.SearchTerminalTest"/>
</testsuite> <!-- fawry.sofAccount.testsActions.SearchTerminalTest -->
