<?xml version="1.0" encoding="UTF-8"?>
<!-- Generated by org.testng.reporters.JUnitReportReporter -->
<testsuite skipped="0" hostname="FB-133" name="fawry.sofAutomation.testsActions.BasicDefinitions.ConfigureCspOverDraftClassFactorsTest" tests="4" failures="0" timestamp="01 Jul 2019 10:07:00 GMT" time="220.231" errors="0">
  <testcase name="configureOverDraftClassFactors" time="74.112" classname="fawry.sofAutomation.testsActions.BasicDefinitions.ConfigureCspOverDraftClassFactorsTest"/>
  <testcase name="configureOverDraftClassFactors" time="71.306" classname="fawry.sofAutomation.testsActions.BasicDefinitions.ConfigureCspOverDraftClassFactorsTest"/>
  <testcase name="configureOverDraftClassFactors" time="6.648" classname="fawry.sofAutomation.testsActions.BasicDefinitions.ConfigureCspOverDraftClassFactorsTest"/>
  <testcase name="configureOverDraftClassFactors" time="68.165" classname="fawry.sofAutomation.testsActions.BasicDefinitions.ConfigureCspOverDraftClassFactorsTest"/>
</testsuite> <!-- fawry.sofAutomation.testsActions.BasicDefinitions.ConfigureCspOverDraftClassFactorsTest -->
