<?xml version="1.0" encoding="UTF-8"?>
<!-- Generated by org.testng.reporters.JUnitReportReporter -->
<testsuite skipped="0" hostname="FIS-243" name="fawry.sofAdmin.testsActions.EditUserTest" tests="7" failures="0" timestamp="21 Feb 2019 11:37:46 GMT" time="66.579" errors="0">
  <testcase name="EditUser" time="4.278" classname="fawry.sofAdmin.testsActions.EditUserTest"/>
  <testcase name="EditUser" time="9.429" classname="fawry.sofAdmin.testsActions.EditUserTest"/>
  <testcase name="EditUser" time="31.231" classname="fawry.sofAdmin.testsActions.EditUserTest"/>
  <testcase name="EditUser" time="4.471" classname="fawry.sofAdmin.testsActions.EditUserTest"/>
  <testcase name="EditUser" time="4.240" classname="fawry.sofAdmin.testsActions.EditUserTest"/>
  <testcase name="EditUser" time="4.709" classname="fawry.sofAdmin.testsActions.EditUserTest"/>
  <testcase name="EditUser" time="8.221" classname="fawry.sofAdmin.testsActions.EditUserTest"/>
</testsuite> <!-- fawry.sofAdmin.testsActions.EditUserTest -->
